<?xml version="1.0" encoding="UTF-8"?>
<!-- Generated by org.testng.reporters.JUnitReportReporter -->
<testsuite skipped="0" hostname="ATMECSINLT-044" name="com.atmecs.konakart.testscripts.KonakartHeroImage" tests="1" failures="0" timestamp="04 Oct 2019 17:41:42 GMT" time="37.302" errors="0">
  <testcase name="validateHeroImagePage" time="37.302" classname="com.atmecs.konakart.testscripts.KonakartHeroImage"/>
</testsuite> <!-- com.atmecs.konakart.testscripts.KonakartHeroImage -->
