<?xml version="1.0" encoding="UTF-8"?>
<!-- Generated by org.testng.reporters.JUnitReportReporter -->
<testsuite skipped="0" hostname="ATMECSINLT-044" name="com.atmecs.konakart.testscripts.KonaKartHomePage" tests="10" failures="0" timestamp="04 Oct 2019 14:27:38 GMT" time="194.794" errors="0">
  <testcase name="performSearchPage" time="19.881" classname="com.atmecs.konakart.testscripts.KonaKartHomePage"/>
  <testcase name="performSearchPage" time="17.802" classname="com.atmecs.konakart.testscripts.KonaKartHomePage"/>
  <testcase name="performSearchPage" time="20.327" classname="com.atmecs.konakart.testscripts.KonaKartHomePage"/>
  <testcase name="performSearchPage" time="20.766" classname="com.atmecs.konakart.testscripts.KonaKartHomePage"/>
  <testcase name="performSearchPage" time="18.390" classname="com.atmecs.konakart.testscripts.KonaKartHomePage"/>
  <testcase name="performSearchPage" time="19.448" classname="com.atmecs.konakart.testscripts.KonaKartHomePage"/>
  <testcase name="performSearchPage" time="18.765" classname="com.atmecs.konakart.testscripts.KonaKartHomePage"/>
  <testcase name="performSearchPage" time="18.455" classname="com.atmecs.konakart.testscripts.KonaKartHomePage"/>
  <testcase name="performSearchPage" time="23.258" classname="com.atmecs.konakart.testscripts.KonaKartHomePage"/>
  <testcase name="performSearchPage" time="17.702" classname="com.atmecs.konakart.testscripts.KonaKartHomePage"/>
</testsuite> <!-- com.atmecs.konakart.testscripts.KonaKartHomePage -->
